#
# There is insufficient memory for the Java Runtime Environment to continue.
# Native memory allocation (mmap) failed to map 264241152 bytes. Error detail: G1 virtual space
# Possible reasons:
#   The system is out of physical RAM or swap space
#   This process is running with CompressedOops enabled, and the Java Heap may be blocking the growth of the native heap
# Possible solutions:
#   Reduce memory load on the system
#   Increase physical memory or swap space
#   Check if swap backing store is full
#   Decrease Java heap size (-Xmx/-Xms)
#   Decrease number of Java threads
#   Decrease Java thread stack sizes (-Xss)
#   Set larger code cache with -XX:ReservedCodeCacheSize=
#   JVM is running with Zero Based Compressed Oops mode in which the Java heap is
#     placed in the first 32GB address space. The Java Heap base address is the
#     maximum limit for the native heap growth. Please use -XX:HeapBaseMinAddress
#     to set the Java Heap base and to place the Java Heap above 32GB virtual address.
# This output file may be truncated or incomplete.
#
#  Out of Memory Error (os_windows.cpp:3828), pid=33016, tid=11852
#
# JRE version:  (21.0.5) (build )
# Java VM: OpenJDK 64-Bit Server VM (21.0.5+-12932927-b750.29, mixed mode, sharing, tiered, compressed oops, compressed class ptrs, g1 gc, windows-amd64)
# No core dump will be written. Minidumps are not enabled by default on client versions of Windows
#

---------------  S U M M A R Y ------------

Command Line: org.jetbrains.kotlin.cli.jvm.K2JVMCompiler @D:\Revix\app\build\20250317_14368253017301278104.compiler.options

Host: 12th Gen Intel(R) Core(TM) i5-12500H, 16 cores, 15G,  Windows 11 , 64 bit Build 26100 (10.0.26100.3323)
Time: Mon Mar 17 21:07:34 2025 Sri Lanka Standard Time elapsed time: 2.025871 seconds (0d 0h 0m 2s)

---------------  T H R E A D  ---------------

Current thread (0x000002b88ea395e0):  JavaThread "Unknown thread" [_thread_in_vm, id=11852, stack(0x000000d636300000,0x000000d636400000) (1024K)]

Stack: [0x000000d636300000,0x000000d636400000]
Native frames: (J=compiled Java code, j=interpreted, Vv=VM code, C=native code)
V  [jvm.dll+0x6cfb29]
V  [jvm.dll+0x85ded3]
V  [jvm.dll+0x86042e]
V  [jvm.dll+0x860b13]
V  [jvm.dll+0x27e6b6]
V  [jvm.dll+0x6cc385]
V  [jvm.dll+0x6c078a]
V  [jvm.dll+0x35525b]
V  [jvm.dll+0x35ceb6]
V  [jvm.dll+0x3aedd6]
V  [jvm.dll+0x3af0a8]
V  [jvm.dll+0x32792c]
V  [jvm.dll+0x32861b]
V  [jvm.dll+0x825919]
V  [jvm.dll+0x3bbfa8]
V  [jvm.dll+0x80ec88]
V  [jvm.dll+0x45015e]
V  [jvm.dll+0x4518c1]
C  [jli.dll+0x52ab]
C  [ucrtbase.dll+0x37b0]
C  [KERNEL32.DLL+0x2e8d7]
C  [ntdll.dll+0xbbf6c]


---------------  P R O C E S S  ---------------

Threads class SMR info:
_java_thread_list=0x00007ff823000808, length=0, elements={
}

Java Threads: ( => current thread )
Total: 0

Other Threads:
  0x000002b88ea9e090 WorkerThread "GC Thread#0"                     [id=15788, stack(0x000000d636400000,0x000000d636500000) (1024K)]
  0x000002b88eaaea80 ConcurrentGCThread "G1 Main Marker"            [id=35532, stack(0x000000d636500000,0x000000d636600000) (1024K)]
  0x000002b88eaaf580 WorkerThread "G1 Conc#0"                       [id=4012, stack(0x000000d636600000,0x000000d636700000) (1024K)]

[error occurred during error reporting (printing all threads), id 0xc0000005, EXCEPTION_ACCESS_VIOLATION (0xc0000005) at pc=0x00007ff8227fa967]
VM state: not at safepoint (not fully initialized)

VM Mutex/Monitor currently owned by a thread:  ([mutex/lock_event])
[0x00007ff82306d460] Heap_lock - owner thread: 0x000002b88ea395e0

Heap address: 0x0000000705e00000, size: 4002 MB, Compressed Oops mode: Zero based, Oop shift amount: 3

CDS archive(s) mapped at: [0x0000000000000000-0x0000000000000000-0x0000000000000000), size 0, SharedBaseAddress: 0x0000000800000000, ArchiveRelocationMode: 1.
Narrow klass base: 0x0000000000000000, Narrow klass shift: 0, Narrow klass range: 0x0

GC Precious Log:
 CardTable entry size: 512
 Card Set container configuration: InlinePtr #cards 4 size 8 Array Of Cards #cards 16 size 48 Howl #buckets 8 coarsen threshold 3686 Howl Bitmap #cards 512 size 80 coarsen threshold 460 Card regions per heap region 1 cards per card region 4096

Heap:
 garbage-first heap   total 0K, used 0K [0x0000000705e00000, 0x0000000800000000)
  region size 2048K, 0 young (0K), 0 survivors (0K)
 Metaspace       used 0K, committed 0K, reserved 0K
  class space    used 0K, committed 0K, reserved 0K

Heap Regions: E=young(eden), S=young(survivor), O=old, HS=humongous(starts), HC=humongous(continues), CS=collection set, F=free, TAMS=top-at-mark-start, PB=parsable bottom

Card table byte_map: [0x000002b8a1bf0000,0x000002b8a23d0000] _byte_map_base: 0x000002b89e3c1000

Marking Bits: (CMBitMap*) 0x000002b88ea9e790
 Bits: [0x000002b8a23d0000, 0x000002b8a6258000)

GC Heap History (0 events):
No events

Dll operation events (1 events):
Event: 0.005 Loaded shared library C:\Program Files\Android\Android Studio\jbr\bin\java.dll

Deoptimization events (0 events):
No events

Classes loaded (0 events):
No events

Classes unloaded (0 events):
No events

Classes redefined (0 events):
No events

Internal exceptions (0 events):
No events

ZGC Phase Switch (0 events):
No events

VM Operations (0 events):
No events

Memory protections (0 events):
No events

Nmethod flushes (0 events):
No events

Events (0 events):
No events


Dynamic libraries:
0x00007ff6a4f70000 - 0x00007ff6a4f7a000 	C:\Program Files\Android\Android Studio\jbr\bin\java.exe
0x00007ff887e80000 - 0x00007ff8880e3000 	C:\WINDOWS\SYSTEM32\ntdll.dll
0x00007ff886fa0000 - 0x00007ff887067000 	C:\WINDOWS\System32\KERNEL32.DLL
0x00007ff885200000 - 0x00007ff8855c9000 	C:\WINDOWS\System32\KERNELBASE.dll
0x00007ff885660000 - 0x00007ff8857ac000 	C:\WINDOWS\System32\ucrtbase.dll
0x00007ff87fd50000 - 0x00007ff87fd6b000 	C:\Program Files\Android\Android Studio\jbr\bin\VCRUNTIME140.dll
0x00007ff87f7e0000 - 0x00007ff87f7f8000 	C:\Program Files\Android\Android Studio\jbr\bin\jli.dll
0x00007ff887120000 - 0x00007ff8872ea000 	C:\WINDOWS\System32\USER32.dll
0x00007ff885c70000 - 0x00007ff885c97000 	C:\WINDOWS\System32\win32u.dll
0x00007ff885d10000 - 0x00007ff885d3a000 	C:\WINDOWS\System32\GDI32.dll
0x00007ff8859c0000 - 0x00007ff885af1000 	C:\WINDOWS\System32\gdi32full.dll
0x00007ff86a6d0000 - 0x00007ff86a960000 	C:\WINDOWS\WinSxS\amd64_microsoft.windows.common-controls_6595b64144ccf1df_6.0.26100.3323_none_3e088096e3344490\COMCTL32.dll
0x00007ff8857b0000 - 0x00007ff885853000 	C:\WINDOWS\System32\msvcp_win.dll
0x00007ff885d40000 - 0x00007ff885de9000 	C:\WINDOWS\System32\msvcrt.dll
0x00007ff887d00000 - 0x00007ff887d2f000 	C:\WINDOWS\System32\IMM32.DLL
0x00007ff87fd40000 - 0x00007ff87fd4c000 	C:\Program Files\Android\Android Studio\jbr\bin\vcruntime140_1.dll
0x00007ff8566d0000 - 0x00007ff85675d000 	C:\Program Files\Android\Android Studio\jbr\bin\msvcp140.dll
0x00007ff8224c0000 - 0x00007ff82314a000 	C:\Program Files\Android\Android Studio\jbr\bin\server\jvm.dll
0x00007ff887c40000 - 0x00007ff887cf2000 	C:\WINDOWS\System32\ADVAPI32.dll
0x00007ff886510000 - 0x00007ff8865b6000 	C:\WINDOWS\System32\sechost.dll
0x00007ff887700000 - 0x00007ff887816000 	C:\WINDOWS\System32\RPCRT4.dll
0x00007ff886280000 - 0x00007ff8862f4000 	C:\WINDOWS\System32\WS2_32.dll
0x00007ff87b410000 - 0x00007ff87b41b000 	C:\WINDOWS\SYSTEM32\VERSION.dll
0x00007ff87b470000 - 0x00007ff87b4a6000 	C:\WINDOWS\SYSTEM32\WINMM.dll
0x00007ff883cd0000 - 0x00007ff883d1e000 	C:\WINDOWS\SYSTEM32\POWRPROF.dll
0x00007ff883cb0000 - 0x00007ff883cc4000 	C:\WINDOWS\SYSTEM32\UMPDC.dll
0x00007ff883f70000 - 0x00007ff883f8a000 	C:\WINDOWS\SYSTEM32\kernel.appcore.dll
0x00007ff87fac0000 - 0x00007ff87faca000 	C:\Program Files\Android\Android Studio\jbr\bin\jimage.dll
0x00007ff882790000 - 0x00007ff8829d1000 	C:\WINDOWS\SYSTEM32\DBGHELP.DLL
0x00007ff8878b0000 - 0x00007ff887c32000 	C:\WINDOWS\System32\combase.dll
0x00007ff8865c0000 - 0x00007ff886696000 	C:\WINDOWS\System32\OLEAUT32.dll
0x00007ff87e730000 - 0x00007ff87e769000 	C:\WINDOWS\SYSTEM32\dbgcore.DLL
0x00007ff885860000 - 0x00007ff8858f9000 	C:\WINDOWS\System32\bcryptPrimitives.dll
0x00007ff87dd90000 - 0x00007ff87ddb0000 	C:\Program Files\Android\Android Studio\jbr\bin\java.dll

dbghelp: loaded successfully - version: 4.0.5 - missing functions: none
symbol engine: initialized successfully - sym options: 0x614 - pdb path: .;C:\Program Files\Android\Android Studio\jbr\bin;C:\WINDOWS\SYSTEM32;C:\WINDOWS\WinSxS\amd64_microsoft.windows.common-controls_6595b64144ccf1df_6.0.26100.3323_none_3e088096e3344490;C:\Program Files\Android\Android Studio\jbr\bin\server

VM Arguments:
java_command: org.jetbrains.kotlin.cli.jvm.K2JVMCompiler @D:\Revix\app\build\20250317_14368253017301278104.compiler.options
java_class_path (initial): C:\Users\Asus\.gradle\caches\modules-2\files-2.1\org.jetbrains.kotlin\kotlin-compiler-embeddable\2.0.21\79346ed53db48b18312a472602eb5c057070c54d\kotlin-compiler-embeddable-2.0.21.jar;C:\Users\Asus\.gradle\caches\modules-2\files-2.1\org.jetbrains.kotlin\kotlin-stdlib\2.0.21\618b539767b4899b4660a83006e052b63f1db551\kotlin-stdlib-2.0.21.jar;C:\Users\Asus\.gradle\caches\modules-2\files-2.1\org.jetbrains.kotlin\kotlin-script-runtime\2.0.21\c9b044380ad41f89aa89aa896c2d32a8c0b2129d\kotlin-script-runtime-2.0.21.jar;C:\Users\Asus\.gradle\caches\modules-2\files-2.1\org.jetbrains.kotlin\kotlin-reflect\1.6.10\1cbe9c92c12a94eea200d23c2bbaedaf3daf5132\kotlin-reflect-1.6.10.jar;C:\Users\Asus\.gradle\caches\modules-2\files-2.1\org.jetbrains.kotlin\kotlin-daemon-embeddable\2.0.21\c9e933b23287de9b5a17e2116b4657bb91aea72c\kotlin-daemon-embeddable-2.0.21.jar;C:\Users\Asus\.gradle\caches\modules-2\files-2.1\org.jetbrains.intellij.deps\trove4j\1.0.20200330\3afb14d5f9ceb459d724e907a21145e8ff394f02\trove4j-1.0.20200330.jar;C:\Users\Asus\.gradle\caches\modules-2\files-2.1\org.jetbrains.kotlinx\kotlinx-coroutines-core-jvm\1.6.4\2c997cd1c0ef33f3e751d3831929aeff1390cb30\kotlinx-coroutines-core-jvm-1.6.4.jar;C:\Users\Asus\.gradle\caches\modules-2\files-2.1\org.jetbrains\annotations\13.0\919f0dfe192fb4e063e7dacadee7f8bb9a2672a9\annotations-13.0.jar
Launcher Type: SUN_STANDARD

[Global flags]
     intx CICompilerCount                          = 12                                        {product} {ergonomic}
     uint ConcGCThreads                            = 3                                         {product} {ergonomic}
     uint G1ConcRefinementThreads                  = 13                                        {product} {ergonomic}
   size_t G1HeapRegionSize                         = 2097152                                   {product} {ergonomic}
    uintx GCDrainStackTargetSize                   = 64                                        {product} {ergonomic}
   size_t InitialHeapSize                          = 264241152                                 {product} {ergonomic}
   size_t MarkStackSize                            = 4194304                                   {product} {ergonomic}
   size_t MaxHeapSize                              = 4196401152                                {product} {ergonomic}
   size_t MinHeapDeltaBytes                        = 2097152                                   {product} {ergonomic}
   size_t MinHeapSize                              = 8388608                                   {product} {ergonomic}
    uintx NonNMethodCodeHeapSize                   = 7602480                                {pd product} {ergonomic}
    uintx NonProfiledCodeHeapSize                  = 122027880                              {pd product} {ergonomic}
    uintx ProfiledCodeHeapSize                     = 122027880                              {pd product} {ergonomic}
    uintx ReservedCodeCacheSize                    = 251658240                              {pd product} {ergonomic}
     bool SegmentedCodeCache                       = true                                      {product} {ergonomic}
   size_t SoftMaxHeapSize                          = 4196401152                             {manageable} {ergonomic}
     bool UseCompressedOops                        = true                           {product lp64_product} {ergonomic}
     bool UseG1GC                                  = true                                      {product} {ergonomic}
     bool UseLargePagesIndividualAllocation        = false                                  {pd product} {ergonomic}

Logging:
Log output configuration:
 #0: stdout all=warning uptime,level,tags foldmultilines=false
 #1: stderr all=off uptime,level,tags foldmultilines=false

Environment Variables:
PATH=C:\Program Files\Common Files\Oracle\Java\javapath;C:\WINDOWS\system32;C:\WINDOWS;C:\WINDOWS\System32\Wbem;C:\WINDOWS\System32\WindowsPowerShell\v1.0\;C:\WINDOWS\System32\OpenSSH\;C:\Program Files\nodejs\;C:\Program Files\Git\cmd;C:\Users\Asus\AppData\Local\Microsoft\WindowsApps;C:\Users\Asus\AppData\Local\Programs\Microsoft VS Code\bin;C:\Program Files\R\R-4.4.3\bin;C:\Users\Asus\AppData\Roaming\npm
USERNAME=Sisitha
OS=Windows_NT
PROCESSOR_IDENTIFIER=Intel64 Family 6 Model 154 Stepping 3, GenuineIntel
TMP=C:\Users\Asus\AppData\Local\Temp
TEMP=C:\Users\Asus\AppData\Local\Temp




Periodic native trim disabled

JNI global refs:
JNI global refs: 0, weak refs: 0

JNI global refs memory usage: 0, weak refs: 0

Process memory usage:
Resident Set Size: 12952K (0% of 16389036K total physical memory with 1900420K free physical memory)

OOME stack traces (most recent first):
Classloader memory used:

---------------  S Y S T E M  ---------------

OS:
 Windows 11 , 64 bit Build 26100 (10.0.26100.3323)
OS uptime: 1 days 1:04 hours
Hyper-V role detected

CPU: total 16 (initial active 16) (8 cores per cpu, 2 threads per core) family 6 model 154 stepping 3 microcode 0x434, cx8, cmov, fxsr, ht, mmx, 3dnowpref, sse, sse2, sse3, ssse3, sse4.1, sse4.2, popcnt, lzcnt, tsc, tscinvbit, avx, avx2, aes, erms, clmul, bmi1, bmi2, adx, sha, fma, vzeroupper, clflush, clflushopt, clwb, hv, serialize, rdtscp, rdpid, fsrm, f16c, cet_ibt, cet_ss
Processor Information for all 16 processors :
  Max Mhz: 2500, Current Mhz: 2500, Mhz Limit: 2500

Memory: 4k page, system-wide physical 16004M (1855M free)
TotalPageFile size 48112M (AvailPageFile size 4M)
current process WorkingSet (physical memory assigned to process): 12M, peak: 12M
current process commit charge ("private bytes"): 70M, peak: 322M

vm_info: OpenJDK 64-Bit Server VM (21.0.5+-12932927-b750.29) for windows-amd64 JRE (21.0.5+-12932927-b750.29), built on 2025-01-17T02:01:10Z by "builder" with MS VC++ 16.10 / 16.11 (VS2019)

END.
